<?xml version="1.0" encoding="UTF-8"?>
<!-- Generated by org.testng.reporters.JUnitXMLReporter -->
<testsuite hostname="DESKTOP-2LQ3NUL" ignored="0" name="Testing" tests="10" failures="1" timestamp="03 Aug 2018 17:00:52 GMT" time="15.332" errors="0">
  <testcase name="signUp" time="1.578" classname="tests.LogInPageTest"/>
  <testcase name="emptyMail" time="1.174" classname="tests.LogInPageTest"/>
  <testcase name="emptyPass" time="1.147" classname="tests.LogInPageTest">
    <failure type="java.lang.IndexOutOfBoundsException" message="Index: 1, Size: 1">
      <![CDATA[java.lang.IndexOutOfBoundsException: Index: 1, Size: 1
at java.util.ArrayList.rangeCheck(Unknown Source)
at java.util.ArrayList.get(Unknown Source)
at org.openqa.selenium.support.pagefactory.internal.LocatingElementListHandler.invoke(LocatingElementListHandler.java:39)
at com.sun.proxy.$Proxy10.get(Unknown Source)
at pages.LogInPage.msgPass(LogInPage.java:74)
at tests.LogInPageTest.emptyPass(LogInPageTest.java:36)
... Removed 29 stack frames]]>
    </failure>
  </testcase> <!-- emptyPass -->
  <testcase name="emptyMailAndPass" time="1.117" classname="tests.LogInPageTest"/>
  <testcase name="invalidPass" time="1.587" classname="tests.LogInPageTest"/>
  <testcase name="invalidEmail" time="1.447" classname="tests.LogInPageTest"/>
  <testcase name="passleast6greater20" time="1.607" classname="tests.LogInPageTest"/>
  <testcase name="loginInvalidName" time="0.681" classname="tests.LogInPageTest"/>
  <testcase name="ShowPassword" time="0.562" classname="tests.LogInPageTest"/>
  <testcase name="allOk" time="0.464" classname="tests.LogInPageTest"/>
</testsuite> <!-- Testing -->
